2026-02-12 01:51:28,571 - DEBUG - Starting new HTTPS connection (1): api.notion.com:443
2026-02-13 17:22:24,157 - DEBUG - Starting new HTTPS connection (1): api.notion.com:443
2026-02-13 17:22:39,498 - DEBUG - https://api.notion.com:443 "POST /v1/databases/2f89c36bb12a808c937ac179959da411/query HTTP/1.1" 200 None
2026-02-13 17:28:48,170 - DEBUG - Starting new HTTPS connection (1): api.notion.com:443
2026-02-13 17:28:48,710 - DEBUG - https://api.notion.com:443 "POST /v1/databases/3009c36bb12a80e28181ca6ecd9d7139/query HTTP/1.1" 200 None
2026-02-13 17:59:33,377 - DEBUG - Starting new HTTPS connection (1): api.notion.com:443
2026-02-13 17:59:43,875 - DEBUG - https://api.notion.com:443 "POST /v1/databases/2f89c36bb12a808c937ac179959da411/query HTTP/1.1" 200 None
2026-02-13 17:59:54,405 - DEBUG - Starting new HTTPS connection (1): api.notion.com:443
2026-02-13 17:59:54,904 - DEBUG - https://api.notion.com:443 "POST /v1/databases/3009c36bb12a80e28181ca6ecd9d7139/query HTTP/1.1" 200 None
2026-02-13 18:02:53,946 - DEBUG - Starting new HTTPS connection (1): api.notion.com:443
2026-02-13 18:02:57,772 - DEBUG - https://api.notion.com:443 "POST /v1/databases/2f89c36bb12a808c937ac179959da411/query HTTP/1.1" 200 None
2026-02-13 18:03:07,215 - DEBUG - Starting new HTTPS connection (1): api.notion.com:443
2026-02-13 18:03:08,055 - DEBUG - https://api.notion.com:443 "POST /v1/databases/3009c36bb12a80e28181ca6ecd9d7139/query HTTP/1.1" 200 None
2026-02-13 18:03:37,645 - DEBUG - Starting new HTTPS connection (1): api.notion.com:443
2026-02-13 18:03:41,008 - DEBUG - https://api.notion.com:443 "POST /v1/databases/2f89c36bb12a808c937ac179959da411/query HTTP/1.1" 200 None
2026-02-13 18:03:52,075 - DEBUG - Starting new HTTPS connection (1): api.notion.com:443
2026-02-13 18:03:52,674 - DEBUG - https://api.notion.com:443 "POST /v1/databases/3009c36bb12a80e28181ca6ecd9d7139/query HTTP/1.1" 200 None
2026-02-13 19:50:12,021 - DEBUG - Starting new HTTPS connection (1): api.notion.com:443
2026-02-13 19:53:34,818 - DEBUG - Starting new HTTPS connection (1): api.notion.com:443
2026-02-13 19:53:39,510 - DEBUG - https://api.notion.com:443 "POST /v1/databases/2f89c36bb12a808c937ac179959da411/query HTTP/1.1" 200 None
2026-02-13 19:54:16,419 - DEBUG - Starting new HTTPS connection (1): api.notion.com:443
2026-02-13 19:54:16,901 - DEBUG - https://api.notion.com:443 "POST /v1/databases/3009c36bb12a80e28181ca6ecd9d7139/query HTTP/1.1" 200 None
2026-02-13 21:07:58,572 - DEBUG - Starting new HTTPS connection (1): api.notion.com:443
2026-02-13 21:08:09,445 - DEBUG - https://api.notion.com:443 "POST /v1/databases/2f89c36bb12a808c937ac179959da411/query HTTP/1.1" 200 None
2026-02-13 21:13:39,324 - DEBUG - Starting new HTTPS connection (1): api.notion.com:443
2026-02-13 21:13:39,855 - DEBUG - https://api.notion.com:443 "POST /v1/databases/3009c36bb12a80e28181ca6ecd9d7139/query HTTP/1.1" 200 None
2026-02-13 21:15:08,911 - INFO - ✨ [New] '범위가 있는 중복조합' 신규 등록.
2026-02-13 21:15:09,157 - DEBUG - Starting new HTTPS connection (1): api.notion.com:443
2026-02-13 21:15:10,288 - DEBUG - https://api.notion.com:443 "PATCH /v1/pages/2f89c36b-b12a-81e1-9522-e4de0c5085d9 HTTP/1.1" 200 None
2026-02-13 21:15:43,473 - INFO - ✨ [New] '[주제2] 같은 것을 다른 것에 나누어 주는 상황' 신규 등록.
2026-02-13 21:16:04,181 - INFO - ✨ [New] '중복조합 부정방정식 사용가능한 상황' 신규 등록.
2026-02-13 21:16:04,463 - DEBUG - tag: ImageWidth (256) - type: short (3) - value: b'\x06\xd8'
2026-02-13 21:16:04,463 - DEBUG - tag: ImageLength (257) - type: short (3) - value: b'\n\xf0'
2026-02-13 21:16:04,463 - DEBUG - tag: Software (305) - type: string (2) Tag Location: 46 - Data Location: 74 - value: <table: 40 bytes>
2026-02-13 21:16:04,463 - DEBUG - tag: ExifIFD (34665) - type: long (4) - value: b'\x00\x00\x00r'
2026-02-13 21:16:04,463 - DEBUG - tag: Orientation (274) - type: long (4) - value: b'\x00\x00\x00\x00'
2026-02-13 21:17:48,494 - WARNING - ⚠️ [Suspect] '중복조합 부정방정식에서 미지수의 값의 범위의 조건' vs '중복조합 부정방정식 사용가능한 상황' (47%). 태그 부착 저장.
2026-02-13 21:18:10,488 - WARNING - ⚠️ [Suspect] '중복조합 vs 같은 것이 있는 순열' vs '같은 것이 있는 순열 vs 조합' (61%). 태그 부착 저장.
2026-02-13 21:18:41,828 - WARNING - ⚠️ [Suspect] '중복조합에서 부등식의 정수해 ⇒ 방정식으로!!' vs '중복조합 부정방정식 사용가능한 상황' (52%). 태그 부착 저장.
2026-02-13 21:19:45,068 - DEBUG - Starting new HTTPS connection (1): api.notion.com:443
2026-02-13 21:19:55,535 - DEBUG - https://api.notion.com:443 "POST /v1/databases/2f89c36bb12a808c937ac179959da411/query HTTP/1.1" 200 None
2026-02-13 21:20:07,276 - DEBUG - Starting new HTTPS connection (1): api.notion.com:443
2026-02-13 21:20:07,777 - DEBUG - https://api.notion.com:443 "POST /v1/databases/3009c36bb12a80e28181ca6ecd9d7139/query HTTP/1.1" 200 None
2026-02-13 21:26:24,421 - INFO - 🔗 [Merged] '범위가 있는 중복조합' -> '범위가 있는 중복조합' 병합 완료.
2026-02-13 21:26:24,666 - DEBUG - Starting new HTTPS connection (1): api.notion.com:443
2026-02-13 21:26:25,367 - DEBUG - https://api.notion.com:443 "PATCH /v1/pages/2f89c36b-b12a-81e1-9522-e4de0c5085d9 HTTP/1.1" 200 None
2026-02-13 21:26:25,371 - DEBUG - Starting new HTTPS connection (1): api.notion.com:443
2026-02-13 21:26:25,896 - DEBUG - https://api.notion.com:443 "PATCH /v1/blocks/2f89c36b-b12a-81e1-9522-e4de0c5085d9/children HTTP/1.1" 400 254
2026-02-13 21:26:26,899 - DEBUG - Starting new HTTPS connection (1): api.notion.com:443
2026-02-13 21:26:27,538 - DEBUG - https://api.notion.com:443 "PATCH /v1/blocks/2f89c36b-b12a-81e1-9522-e4de0c5085d9/children HTTP/1.1" 400 254
2026-02-13 21:26:28,541 - DEBUG - Starting new HTTPS connection (1): api.notion.com:443
2026-02-13 21:26:28,973 - DEBUG - https://api.notion.com:443 "PATCH /v1/blocks/2f89c36b-b12a-81e1-9522-e4de0c5085d9/children HTTP/1.1" 400 254
2026-02-13 21:32:41,162 - DEBUG - Starting new HTTPS connection (1): api.notion.com:443
2026-02-13 21:33:45,866 - DEBUG - Starting new HTTPS connection (1): api.notion.com:443
2026-02-13 21:33:49,688 - DEBUG - https://api.notion.com:443 "POST /v1/databases/2f89c36bb12a808c937ac179959da411/query HTTP/1.1" 200 None
2026-02-13 21:34:01,865 - DEBUG - Starting new HTTPS connection (1): api.notion.com:443
2026-02-13 21:34:02,396 - DEBUG - https://api.notion.com:443 "POST /v1/databases/3009c36bb12a80e28181ca6ecd9d7139/query HTTP/1.1" 200 None
2026-02-13 21:37:29,062 - INFO - 🔗 [Merged] '범위가 있는 중복조합' -> '범위가 있는 중복조합' 병합 완료.
2026-02-13 21:37:29,307 - DEBUG - Starting new HTTPS connection (1): api.notion.com:443
2026-02-13 21:37:30,011 - DEBUG - https://api.notion.com:443 "POST /v1/pages HTTP/1.1" 200 None
2026-02-13 21:37:30,014 - DEBUG - Starting new HTTPS connection (1): api.notion.com:443
2026-02-13 21:37:30,799 - DEBUG - https://api.notion.com:443 "PATCH /v1/pages/2f89c36b-b12a-81e1-9522-e4de0c5085d9 HTTP/1.1" 200 None
2026-02-13 21:37:30,803 - DEBUG - Starting new HTTPS connection (1): api.notion.com:443
2026-02-13 21:37:32,103 - DEBUG - https://api.notion.com:443 "PATCH /v1/blocks/2f89c36b-b12a-81e1-9522-e4de0c5085d9/children HTTP/1.1" 200 None
2026-02-13 21:52:27,252 - DEBUG - Starting new HTTPS connection (1): api.notion.com:443
2026-02-13 21:52:31,550 - DEBUG - https://api.notion.com:443 "POST /v1/databases/2f89c36bb12a808c937ac179959da411/query HTTP/1.1" 200 None
2026-02-13 21:57:31,591 - DEBUG - Starting new HTTPS connection (1): api.notion.com:443
2026-02-13 21:57:32,315 - DEBUG - https://api.notion.com:443 "POST /v1/databases/3009c36bb12a80e28181ca6ecd9d7139/query HTTP/1.1" 200 None
2026-02-13 22:00:09,701 - DEBUG - Starting new HTTPS connection (1): api.notion.com:443
2026-02-13 22:00:10,827 - DEBUG - https://api.notion.com:443 "PATCH /v1/pages/2f89c36b-b12a-81e1-9522-e4de0c5085d9 HTTP/1.1" 200 None
2026-02-13 22:00:10,830 - DEBUG - Starting new HTTPS connection (1): api.notion.com:443
2026-02-13 22:00:13,539 - DEBUG - https://api.notion.com:443 "PATCH /v1/blocks/2f89c36b-b12a-81e1-9522-e4de0c5085d9/children HTTP/1.1" 200 None
2026-02-13 22:50:41,245 - DEBUG - Starting new HTTPS connection (1): api.notion.com:443
2026-02-13 22:50:45,870 - DEBUG - https://api.notion.com:443 "POST /v1/databases/2f89c36bb12a808c937ac179959da411/query HTTP/1.1" 200 None
2026-02-13 22:56:15,284 - DEBUG - Starting new HTTPS connection (1): api.notion.com:443
2026-02-13 22:56:15,920 - DEBUG - https://api.notion.com:443 "POST /v1/databases/3009c36bb12a80e28181ca6ecd9d7139/query HTTP/1.1" 200 None
2026-02-13 23:04:35,237 - DEBUG - Starting new HTTPS connection (1): api.notion.com:443
2026-02-13 23:04:38,873 - DEBUG - https://api.notion.com:443 "POST /v1/databases/2f89c36bb12a808c937ac179959da411/query HTTP/1.1" 200 None
2026-02-13 23:04:48,065 - DEBUG - Starting new HTTPS connection (1): api.notion.com:443
2026-02-13 23:04:48,627 - DEBUG - https://api.notion.com:443 "POST /v1/databases/3009c36bb12a80e28181ca6ecd9d7139/query HTTP/1.1" 200 None
2026-02-13 23:12:39,029 - WARNING - ⚠️ [Suspect] '범위가 있는 중복조합 (여사건 활용)' vs '범위가 있는 중복조합' (78%). 태그 부착 저장.
2026-02-13 23:12:39,776 - DEBUG - Starting new HTTPS connection (1): api.notion.com:443
2026-02-13 23:12:40,444 - DEBUG - https://api.notion.com:443 "POST /v1/pages HTTP/1.1" 200 None
2026-02-13 23:12:40,446 - DEBUG - Starting new HTTPS connection (1): api.notion.com:443
2026-02-13 23:12:42,998 - DEBUG - https://api.notion.com:443 "PATCH /v1/pages/2f89c36b-b12a-81e1-9522-e4de0c5085d9 HTTP/1.1" 200 None
2026-02-13 23:12:43,001 - DEBUG - Starting new HTTPS connection (1): api.notion.com:443
2026-02-13 23:12:44,448 - DEBUG - https://api.notion.com:443 "PATCH /v1/blocks/2f89c36b-b12a-81e1-9522-e4de0c5085d9/children HTTP/1.1" 200 None
2026-02-13 23:32:57,068 - DEBUG - Starting new HTTPS connection (1): api.notion.com:443
2026-02-13 23:33:02,057 - DEBUG - https://api.notion.com:443 "POST /v1/databases/2f89c36bb12a808c937ac179959da411/query HTTP/1.1" 200 None
2026-02-13 23:38:06,681 - DEBUG - Starting new HTTPS connection (1): api.notion.com:443
2026-02-13 23:38:07,270 - DEBUG - https://api.notion.com:443 "POST /v1/databases/3009c36bb12a80e28181ca6ecd9d7139/query HTTP/1.1" 200 None
2026-02-13 23:41:23,264 - INFO - 🔗 [Merged] '범위가 있는 중복조합 (여사건 활용)' -> '(중복의심) [78%] 범위가 있는 중복조합 (여사건 활용)' 병합 완료.
2026-02-13 23:41:23,498 - DEBUG - Starting new HTTPS connection (1): api.notion.com:443
2026-02-13 23:41:24,184 - DEBUG - https://api.notion.com:443 "POST /v1/pages HTTP/1.1" 200 None
2026-02-13 23:41:24,187 - DEBUG - Starting new HTTPS connection (1): api.notion.com:443
2026-02-13 23:41:25,594 - DEBUG - https://api.notion.com:443 "PATCH /v1/pages/2f89c36b-b12a-81e1-9522-e4de0c5085d9 HTTP/1.1" 200 None
2026-02-13 23:41:25,598 - DEBUG - Starting new HTTPS connection (1): api.notion.com:443
2026-02-13 23:41:27,743 - DEBUG - https://api.notion.com:443 "PATCH /v1/blocks/2f89c36b-b12a-81e1-9522-e4de0c5085d9/children HTTP/1.1" 200 None
2026-02-13 23:53:10,508 - DEBUG - Starting new HTTPS connection (1): api.notion.com:443
2026-02-13 23:53:18,645 - DEBUG - https://api.notion.com:443 "POST /v1/databases/2f89c36bb12a808c937ac179959da411/query HTTP/1.1" 200 None
2026-02-13 23:53:29,058 - DEBUG - Starting new HTTPS connection (1): api.notion.com:443
2026-02-13 23:53:29,602 - DEBUG - https://api.notion.com:443 "POST /v1/databases/3009c36bb12a80e28181ca6ecd9d7139/query HTTP/1.1" 200 None
2026-02-13 23:56:37,919 - DEBUG - Starting new HTTPS connection (1): api.notion.com:443
2026-02-13 23:56:38,828 - DEBUG - https://api.notion.com:443 "PATCH /v1/pages/2f89c36b-b12a-81e1-9522-e4de0c5085d9 HTTP/1.1" 200 None
2026-02-13 23:56:38,831 - DEBUG - Starting new HTTPS connection (1): api.notion.com:443
2026-02-13 23:56:39,252 - DEBUG - https://api.notion.com:443 "PATCH /v1/blocks/2f89c36b-b12a-81e1-9522-e4de0c5085d9/children HTTP/1.1" 400 228
2026-02-13 23:56:40,254 - DEBUG - Starting new HTTPS connection (1): api.notion.com:443
2026-02-13 23:56:40,733 - DEBUG - https://api.notion.com:443 "PATCH /v1/blocks/2f89c36b-b12a-81e1-9522-e4de0c5085d9/children HTTP/1.1" 400 228
2026-02-13 23:56:41,738 - DEBUG - Starting new HTTPS connection (1): api.notion.com:443
2026-02-13 23:56:42,151 - DEBUG - https://api.notion.com:443 "PATCH /v1/blocks/2f89c36b-b12a-81e1-9522-e4de0c5085d9/children HTTP/1.1" 400 228
2026-02-14 00:11:30,558 - DEBUG - Starting new HTTPS connection (1): api.notion.com:443
2026-02-14 00:11:35,865 - DEBUG - https://api.notion.com:443 "POST /v1/databases/2f89c36bb12a808c937ac179959da411/query HTTP/1.1" 200 None
2026-02-14 00:11:47,263 - DEBUG - Starting new HTTPS connection (1): api.notion.com:443
2026-02-14 00:11:48,089 - DEBUG - https://api.notion.com:443 "POST /v1/databases/3009c36bb12a80e28181ca6ecd9d7139/query HTTP/1.1" 200 None
2026-02-14 00:13:52,632 - INFO - 🔗 [Merged] '범위가 있는 중복조합 (여사건)' -> '(중복의심) [78%] 범위가 있는 중복조합 (여사건 활용)' 병합 완료.
2026-02-14 00:13:52,879 - DEBUG - Starting new HTTPS connection (1): api.notion.com:443
2026-02-14 00:13:53,683 - DEBUG - https://api.notion.com:443 "POST /v1/pages HTTP/1.1" 200 None
2026-02-14 00:23:45,512 - DEBUG - Starting new HTTPS connection (1): api.notion.com:443
2026-02-14 00:23:49,034 - DEBUG - https://api.notion.com:443 "POST /v1/databases/2f89c36bb12a808c937ac179959da411/query HTTP/1.1" 200 None
2026-02-14 00:23:59,578 - DEBUG - Starting new HTTPS connection (1): api.notion.com:443
2026-02-14 00:24:00,161 - DEBUG - https://api.notion.com:443 "POST /v1/databases/3009c36bb12a80e28181ca6ecd9d7139/query HTTP/1.1" 200 None
2026-02-14 00:26:14,283 - INFO - 🔗 [Merged] '범위가 있는 중복조합' -> '범위가 있는 중복조합' 병합 완료.
2026-02-14 00:26:14,531 - DEBUG - Starting new HTTPS connection (1): api.notion.com:443
2026-02-14 00:26:15,292 - DEBUG - https://api.notion.com:443 "POST /v1/pages HTTP/1.1" 200 None
2026-02-14 00:26:15,295 - DEBUG - Starting new HTTPS connection (1): api.notion.com:443
2026-02-14 00:26:16,660 - DEBUG - https://api.notion.com:443 "PATCH /v1/pages/2f89c36b-b12a-81e1-9522-e4de0c5085d9 HTTP/1.1" 200 None
2026-02-14 00:26:16,664 - DEBUG - Starting new HTTPS connection (1): api.notion.com:443
2026-02-14 00:26:18,070 - DEBUG - https://api.notion.com:443 "PATCH /v1/blocks/2f89c36b-b12a-81e1-9522-e4de0c5085d9/children HTTP/1.1" 200 None
2026-02-14 00:42:37,253 - WARNING - ⚠️ [Suspect] '여사건을 이용한 순열과 조합' vs '같은 것이 있는 순열 vs 조합' (41%). 태그 부착 저장.
2026-02-14 00:42:37,989 - DEBUG - Starting new HTTPS connection (1): api.notion.com:443
2026-02-14 00:42:39,918 - DEBUG - https://api.notion.com:443 "POST /v1/pages HTTP/1.1" 200 None
2026-02-14 00:42:40,331 - INFO - ✨ [New] '포함-배제의 원리' 신규 등록.
2026-02-14 00:42:40,589 - DEBUG - Starting new HTTPS connection (1): api.notion.com:443
2026-02-14 00:42:41,202 - DEBUG - https://api.notion.com:443 "POST /v1/pages HTTP/1.1" 200 None
2026-02-14 00:42:41,204 - DEBUG - Starting new HTTPS connection (1): api.notion.com:443
2026-02-14 00:42:42,259 - DEBUG - https://api.notion.com:443 "PATCH /v1/pages/2f89c36b-b12a-81bb-b295-d663476b2e6b HTTP/1.1" 200 None
2026-02-14 00:42:42,262 - DEBUG - Starting new HTTPS connection (1): api.notion.com:443
2026-02-14 00:42:44,775 - DEBUG - https://api.notion.com:443 "PATCH /v1/blocks/2f89c36b-b12a-81bb-b295-d663476b2e6b/children HTTP/1.1" 200 None
2026-02-14 00:46:29,939 - WARNING - ⚠️ [Suspect] '중복조합의 활용 (부정방정식)' vs '중복조합 부정방정식 사용가능한 상황' (64%). 태그 부착 저장.
2026-02-14 00:46:30,600 - DEBUG - Starting new HTTPS connection (1): api.notion.com:443
2026-02-14 00:46:31,290 - DEBUG - https://api.notion.com:443 "POST /v1/pages HTTP/1.1" 200 None
2026-02-14 00:46:31,292 - DEBUG - Starting new HTTPS connection (1): api.notion.com:443
2026-02-14 00:46:32,144 - DEBUG - https://api.notion.com:443 "PATCH /v1/pages/2f89c36b-b12a-8153-9d56-c50bbfe36592 HTTP/1.1" 200 None
2026-02-14 00:46:32,147 - DEBUG - Starting new HTTPS connection (1): api.notion.com:443
2026-02-14 00:46:33,542 - DEBUG - https://api.notion.com:443 "PATCH /v1/blocks/2f89c36b-b12a-8153-9d56-c50bbfe36592/children HTTP/1.1" 200 None
2026-02-14 00:54:24,518 - DEBUG - Starting new HTTPS connection (1): api.notion.com:443
2026-02-14 00:54:30,643 - DEBUG - https://api.notion.com:443 "POST /v1/databases/2f89c36bb12a808c937ac179959da411/query HTTP/1.1" 200 None
2026-02-14 01:04:15,632 - INFO - ✨ [New] '순서가 정해진 순열' 신규 등록.
2026-02-14 01:04:15,887 - DEBUG - Starting new HTTPS connection (1): api.notion.com:443
2026-02-14 01:04:16,504 - DEBUG - https://api.notion.com:443 "POST /v1/pages HTTP/1.1" 200 None
2026-02-14 01:04:16,950 - INFO - ✨ [New] '칸막이 모델 (Stars and Bars)' 신규 등록.
2026-02-14 01:04:17,199 - DEBUG - Starting new HTTPS connection (1): api.notion.com:443
2026-02-14 01:04:19,688 - DEBUG - https://api.notion.com:443 "POST /v1/pages HTTP/1.1" 200 None
2026-02-14 01:04:19,691 - DEBUG - Starting new HTTPS connection (1): api.notion.com:443
2026-02-14 01:04:20,478 - DEBUG - https://api.notion.com:443 "PATCH /v1/pages/2f89c36b-b12a-812d-bd37-e9ef1b478ea0 HTTP/1.1" 200 None
2026-02-14 01:04:20,482 - DEBUG - Starting new HTTPS connection (1): api.notion.com:443
2026-02-14 01:04:22,081 - DEBUG - https://api.notion.com:443 "PATCH /v1/blocks/2f89c36b-b12a-812d-bd37-e9ef1b478ea0/children HTTP/1.1" 200 None
2026-02-14 01:24:25,293 - DEBUG - Starting new HTTPS connection (1): api.notion.com:443
2026-02-14 01:24:36,056 - DEBUG - https://api.notion.com:443 "POST /v1/databases/2f89c36bb12a808c937ac179959da411/query HTTP/1.1" 200 None
2026-02-14 01:54:26,333 - DEBUG - Starting new HTTPS connection (1): api.notion.com:443
2026-02-14 01:54:35,281 - DEBUG - https://api.notion.com:443 "POST /v1/databases/2f89c36bb12a808c937ac179959da411/query HTTP/1.1" 200 None
2026-02-14 02:17:35,314 - DEBUG - Starting new HTTPS connection (1): api.notion.com:443
2026-02-14 02:17:38,924 - DEBUG - https://api.notion.com:443 "POST /v1/databases/2f89c36bb12a808c937ac179959da411/query HTTP/1.1" 200 None
2026-02-14 02:21:23,630 - DEBUG - Starting new HTTPS connection (1): api.notion.com:443
2026-02-14 02:21:24,225 - DEBUG - https://api.notion.com:443 "POST /v1/databases/3009c36bb12a80e28181ca6ecd9d7139/query HTTP/1.1" 200 None
2026-02-14 02:30:35,537 - DEBUG - Starting new HTTPS connection (1): api.notion.com:443
2026-02-14 02:30:40,279 - DEBUG - https://api.notion.com:443 "POST /v1/databases/2f89c36bb12a808c937ac179959da411/query HTTP/1.1" 200 None
2026-02-14 02:30:52,262 - DEBUG - Starting new HTTPS connection (1): api.notion.com:443
2026-02-14 02:30:52,864 - DEBUG - https://api.notion.com:443 "POST /v1/databases/3009c36bb12a80e28181ca6ecd9d7139/query HTTP/1.1" 200 None
2026-02-14 02:33:40,588 - INFO - 🔗 [Merged] '범위가 있는 중복조합의 해법' -> '범위가 있는 중복조합' 병합 완료.
2026-02-14 02:33:40,833 - DEBUG - Starting new HTTPS connection (1): api.notion.com:443
2026-02-14 02:33:41,515 - DEBUG - https://api.notion.com:443 "POST /v1/pages HTTP/1.1" 200 None
2026-02-14 02:33:41,518 - DEBUG - Starting new HTTPS connection (1): api.notion.com:443
2026-02-14 02:33:43,028 - DEBUG - https://api.notion.com:443 "PATCH /v1/pages/2f89c36b-b12a-81e1-9522-e4de0c5085d9 HTTP/1.1" 200 None
2026-02-14 02:33:43,032 - DEBUG - Starting new HTTPS connection (1): api.notion.com:443
2026-02-14 02:33:45,204 - DEBUG - https://api.notion.com:443 "PATCH /v1/blocks/2f89c36b-b12a-81e1-9522-e4de0c5085d9/children HTTP/1.1" 200 None
2026-02-14 02:35:57,078 - INFO - 🔗 [Merged] '칸막이 모델 (Stars and Bars)' -> '칸막이 모델 (Stars and Bars)' 병합 완료.
2026-02-14 02:35:57,324 - DEBUG - Starting new HTTPS connection (1): api.notion.com:443
2026-02-14 02:35:58,069 - DEBUG - https://api.notion.com:443 "POST /v1/pages HTTP/1.1" 200 None
2026-02-14 02:35:58,531 - INFO - 🔗 [Merged] '순서가 정해진 순열' -> '순서가 정해진 순열' 병합 완료.
2026-02-14 02:35:58,780 - DEBUG - Starting new HTTPS connection (1): api.notion.com:443
2026-02-14 02:35:59,330 - DEBUG - https://api.notion.com:443 "POST /v1/pages HTTP/1.1" 200 None
2026-02-14 02:35:59,828 - INFO - ✨ [New] '적극적 여사건 분류' 신규 등록.
2026-02-14 02:36:00,092 - DEBUG - Starting new HTTPS connection (1): api.notion.com:443
2026-02-14 02:36:00,710 - DEBUG - https://api.notion.com:443 "POST /v1/pages HTTP/1.1" 200 None
2026-02-14 02:36:00,712 - DEBUG - Starting new HTTPS connection (1): api.notion.com:443
2026-02-14 02:36:01,934 - DEBUG - https://api.notion.com:443 "PATCH /v1/pages/2f89c36b-b12a-812d-bd37-e9ef1b478ea0 HTTP/1.1" 200 None
2026-02-14 02:36:01,937 - DEBUG - Starting new HTTPS connection (1): api.notion.com:443
2026-02-14 02:36:04,187 - DEBUG - https://api.notion.com:443 "PATCH /v1/blocks/2f89c36b-b12a-812d-bd37-e9ef1b478ea0/children HTTP/1.1" 200 None
2026-02-14 02:37:42,859 - INFO - ✨ [New] '낯선 상황 해결 전략' 신규 등록.
2026-02-14 02:37:43,107 - DEBUG - Starting new HTTPS connection (1): api.notion.com:443
2026-02-14 02:37:43,787 - DEBUG - https://api.notion.com:443 "POST /v1/pages HTTP/1.1" 200 None
2026-02-14 02:37:44,221 - INFO - ✨ [New] '시행 횟수의 변수화' 신규 등록.
2026-02-14 02:37:44,457 - DEBUG - Starting new HTTPS connection (1): api.notion.com:443
2026-02-14 02:37:45,007 - DEBUG - https://api.notion.com:443 "POST /v1/pages HTTP/1.1" 200 None
2026-02-14 02:37:45,010 - DEBUG - Starting new HTTPS connection (1): api.notion.com:443
2026-02-14 02:37:46,156 - DEBUG - https://api.notion.com:443 "PATCH /v1/pages/2f89c36b-b12a-8153-9d56-c50bbfe36592 HTTP/1.1" 200 None
2026-02-14 02:37:46,159 - DEBUG - Starting new HTTPS connection (1): api.notion.com:443
2026-02-14 02:37:48,446 - DEBUG - https://api.notion.com:443 "PATCH /v1/blocks/2f89c36b-b12a-8153-9d56-c50bbfe36592/children HTTP/1.1" 200 None
2026-02-14 02:40:11,686 - WARNING - ⚠️ [Suspect] '여사건과 포함-배제의 원리' vs '포함-배제의 원리' (77%). 태그 부착 저장.
2026-02-14 02:40:12,391 - DEBUG - Starting new HTTPS connection (1): api.notion.com:443
2026-02-14 02:40:13,121 - DEBUG - https://api.notion.com:443 "POST /v1/pages HTTP/1.1" 200 None
2026-02-14 02:40:13,123 - DEBUG - Starting new HTTPS connection (1): api.notion.com:443
2026-02-14 02:40:14,018 - DEBUG - https://api.notion.com:443 "PATCH /v1/pages/2f89c36b-b12a-81bb-b295-d663476b2e6b HTTP/1.1" 200 None
2026-02-14 02:40:14,021 - DEBUG - Starting new HTTPS connection (1): api.notion.com:443
2026-02-14 02:40:16,005 - DEBUG - https://api.notion.com:443 "PATCH /v1/blocks/2f89c36b-b12a-81bb-b295-d663476b2e6b/children HTTP/1.1" 200 None
2026-02-14 02:50:31,754 - DEBUG - Starting new HTTPS connection (1): api.notion.com:443
2026-02-14 02:50:36,892 - DEBUG - https://api.notion.com:443 "POST /v1/databases/2f89c36bb12a808c937ac179959da411/query HTTP/1.1" 200 None
2026-02-14 02:54:15,282 - DEBUG - Starting new HTTPS connection (1): api.notion.com:443
2026-02-14 02:54:15,916 - DEBUG - https://api.notion.com:443 "POST /v1/databases/3009c36bb12a80e28181ca6ecd9d7139/query HTTP/1.1" 200 None
2026-02-14 03:03:01,040 - DEBUG - Starting new HTTPS connection (1): api.notion.com:443
2026-02-14 03:03:05,748 - DEBUG - https://api.notion.com:443 "POST /v1/databases/2f89c36bb12a808c937ac179959da411/query HTTP/1.1" 200 None
2026-02-14 03:03:14,646 - DEBUG - Starting new HTTPS connection (1): api.notion.com:443
2026-02-14 03:03:15,228 - DEBUG - https://api.notion.com:443 "POST /v1/databases/3009c36bb12a80e28181ca6ecd9d7139/query HTTP/1.1" 200 None
2026-02-14 03:12:05,522 - DEBUG - Starting new HTTPS connection (1): api.notion.com:443
2026-02-14 03:12:10,467 - DEBUG - https://api.notion.com:443 "POST /v1/databases/2f89c36bb12a808c937ac179959da411/query HTTP/1.1" 200 None
2026-02-14 03:12:20,145 - DEBUG - Starting new HTTPS connection (1): api.notion.com:443
2026-02-14 03:12:20,747 - DEBUG - https://api.notion.com:443 "POST /v1/databases/3009c36bb12a80e28181ca6ecd9d7139/query HTTP/1.1" 200 None
2026-02-14 03:15:27,156 - WARNING - ⚠️ [Suspect] '범위가 있는 중복조합 (부정방정식의 해)' vs '범위가 있는 중복조합' (72%). 태그 부착 저장.
2026-02-14 03:15:27,588 - DEBUG - Starting new HTTPS connection (1): api.notion.com:443
2026-02-14 03:15:28,265 - DEBUG - https://api.notion.com:443 "POST /v1/pages HTTP/1.1" 200 None
2026-02-14 03:15:28,267 - DEBUG - Starting new HTTPS connection (1): api.notion.com:443
2026-02-14 03:15:28,927 - DEBUG - https://api.notion.com:443 "PATCH /v1/pages/2f89c36b-b12a-81e1-9522-e4de0c5085d9 HTTP/1.1" 200 None
2026-02-14 03:20:24,325 - DEBUG - Starting new HTTPS connection (1): api.notion.com:443
2026-02-14 03:20:27,861 - DEBUG - https://api.notion.com:443 "POST /v1/databases/2f89c36bb12a808c937ac179959da411/query HTTP/1.1" 200 None
2026-02-14 03:23:56,777 - DEBUG - Starting new HTTPS connection (1): api.notion.com:443
2026-02-14 03:23:57,362 - DEBUG - https://api.notion.com:443 "POST /v1/databases/3009c36bb12a80e28181ca6ecd9d7139/query HTTP/1.1" 200 None
2026-02-14 03:27:04,918 - INFO - 🔗 [Merged] '범위가 있는 중복조합 (여사건 활용)' -> '(중복의심) [78%] 범위가 있는 중복조합 (여사건 활용)' 병합 완료.
2026-02-14 03:27:05,173 - DEBUG - Starting new HTTPS connection (1): api.notion.com:443
2026-02-14 03:27:05,818 - DEBUG - https://api.notion.com:443 "POST /v1/pages HTTP/1.1" 200 None
2026-02-14 03:27:05,821 - DEBUG - Starting new HTTPS connection (1): api.notion.com:443
2026-02-14 03:27:07,008 - DEBUG - https://api.notion.com:443 "PATCH /v1/pages/2f89c36b-b12a-81e1-9522-e4de0c5085d9 HTTP/1.1" 200 None
2026-02-14 03:28:33,063 - DEBUG - Starting new HTTPS connection (1): api.notion.com:443
2026-02-14 03:28:37,423 - DEBUG - https://api.notion.com:443 "POST /v1/databases/2f89c36bb12a808c937ac179959da411/query HTTP/1.1" 200 None
2026-02-14 03:28:49,589 - DEBUG - Starting new HTTPS connection (1): api.notion.com:443
2026-02-14 03:28:50,187 - DEBUG - https://api.notion.com:443 "POST /v1/databases/3009c36bb12a80e28181ca6ecd9d7139/query HTTP/1.1" 200 None
2026-02-14 03:32:41,406 - WARNING - ⚠️ [Suspect] '범위가 있는 중복조합의 해결 전략' vs '범위가 있는 중복조합' (78%). 태그 부착 저장.
2026-02-14 03:32:41,827 - DEBUG - Starting new HTTPS connection (1): api.notion.com:443
2026-02-14 03:32:42,952 - DEBUG - https://api.notion.com:443 "POST /v1/pages HTTP/1.1" 200 None
2026-02-14 03:32:42,954 - DEBUG - Starting new HTTPS connection (1): api.notion.com:443
2026-02-14 03:32:44,204 - DEBUG - https://api.notion.com:443 "PATCH /v1/pages/2f89c36b-b12a-81e1-9522-e4de0c5085d9 HTTP/1.1" 200 None
2026-02-14 03:34:54,624 - WARNING - ⚠️ [Suspect] '순서가 정해진 순열의 해석' vs '순서가 정해진 순열' (84%). 태그 부착 저장.
2026-02-14 03:34:55,224 - DEBUG - Starting new HTTPS connection (1): api.notion.com:443
2026-02-14 03:34:55,877 - DEBUG - https://api.notion.com:443 "POST /v1/pages HTTP/1.1" 200 None
2026-02-14 03:34:56,173 - WARNING - ⚠️ [Suspect] '칸막이 모델과 중복조합' vs '범위가 있는 중복조합' (42%). 태그 부착 저장.
2026-02-14 03:34:56,597 - DEBUG - Starting new HTTPS connection (1): api.notion.com:443
2026-02-14 03:34:57,242 - DEBUG - https://api.notion.com:443 "POST /v1/pages HTTP/1.1" 200 None
2026-02-14 03:34:57,244 - DEBUG - Starting new HTTPS connection (1): api.notion.com:443
2026-02-14 03:34:58,993 - DEBUG - https://api.notion.com:443 "PATCH /v1/pages/2f89c36b-b12a-812d-bd37-e9ef1b478ea0 HTTP/1.1" 200 None
2026-02-14 03:36:33,453 - WARNING - ⚠️ [Suspect] '시행 횟수의 변수화 (중복조합 모델링)' vs '시행 횟수의 변수화' (69%). 태그 부착 저장.
2026-02-14 03:36:34,091 - DEBUG - Starting new HTTPS connection (1): api.notion.com:443
2026-02-14 03:36:34,719 - DEBUG - https://api.notion.com:443 "POST /v1/pages HTTP/1.1" 200 None
2026-02-14 03:36:34,722 - DEBUG - Starting new HTTPS connection (1): api.notion.com:443
2026-02-14 03:36:36,905 - DEBUG - https://api.notion.com:443 "PATCH /v1/pages/2f89c36b-b12a-8153-9d56-c50bbfe36592 HTTP/1.1" 200 None
2026-02-14 03:54:04,025 - DEBUG - Starting new HTTPS connection (1): api.notion.com:443
2026-02-14 03:54:07,715 - DEBUG - https://api.notion.com:443 "POST /v1/databases/2f89c36bb12a808c937ac179959da411/query HTTP/1.1" 200 None
2026-02-14 03:57:44,906 - DEBUG - Starting new HTTPS connection (1): api.notion.com:443
2026-02-14 03:57:45,572 - DEBUG - https://api.notion.com:443 "POST /v1/databases/3009c36bb12a80e28181ca6ecd9d7139/query HTTP/1.1" 200 None
2026-02-14 03:59:53,723 - INFO - 🔗 [Merged] '범위가 있는 중복조합 (여사건 활용)' -> '(중복의심) [78%] 범위가 있는 중복조합 (여사건 활용)' 병합 완료.
2026-02-14 03:59:53,971 - DEBUG - Starting new HTTPS connection (1): api.notion.com:443
2026-02-14 03:59:54,614 - DEBUG - https://api.notion.com:443 "POST /v1/pages HTTP/1.1" 200 None
2026-02-14 03:59:54,616 - DEBUG - Starting new HTTPS connection (1): api.notion.com:443
2026-02-14 03:59:55,947 - DEBUG - https://api.notion.com:443 "PATCH /v1/pages/2f89c36b-b12a-81e1-9522-e4de0c5085d9 HTTP/1.1" 200 None
2026-02-14 04:01:56,329 - INFO - 🔗 [Merged] '칸막이 모델과 중복조합' -> '(중복의심) [42%] 칸막이 모델과 중복조합' 병합 완료.
2026-02-14 04:01:56,586 - DEBUG - Starting new HTTPS connection (1): api.notion.com:443
2026-02-14 04:01:57,293 - DEBUG - https://api.notion.com:443 "POST /v1/pages HTTP/1.1" 200 None
2026-02-14 04:01:57,733 - INFO - 🔗 [Merged] '순서가 정해진 순열' -> '순서가 정해진 순열' 병합 완료.
2026-02-14 04:01:57,980 - DEBUG - Starting new HTTPS connection (1): api.notion.com:443
2026-02-14 04:01:59,071 - DEBUG - https://api.notion.com:443 "POST /v1/pages HTTP/1.1" 200 None
2026-02-14 04:01:59,074 - DEBUG - Starting new HTTPS connection (1): api.notion.com:443
2026-02-14 04:02:00,182 - DEBUG - https://api.notion.com:443 "PATCH /v1/pages/2f89c36b-b12a-812d-bd37-e9ef1b478ea0 HTTP/1.1" 200 None
2026-02-14 04:03:52,280 - WARNING - ⚠️ [Suspect] '시행 횟수의 변수화 (Modeling Operations)' vs '시행 횟수의 변수화' (47%). 태그 부착 저장.
2026-02-14 04:03:52,843 - DEBUG - Starting new HTTPS connection (1): api.notion.com:443
2026-02-14 04:03:53,710 - DEBUG - https://api.notion.com:443 "POST /v1/pages HTTP/1.1" 200 None
2026-02-14 04:03:54,244 - INFO - 🔗 [Merged] '낯선 상황 해결 전략' -> '낯선 상황 해결 전략' 병합 완료.
2026-02-14 04:03:54,499 - DEBUG - Starting new HTTPS connection (1): api.notion.com:443
2026-02-14 04:03:55,220 - DEBUG - https://api.notion.com:443 "POST /v1/pages HTTP/1.1" 200 None
2026-02-14 04:03:55,223 - DEBUG - Starting new HTTPS connection (1): api.notion.com:443
2026-02-14 04:03:56,559 - DEBUG - https://api.notion.com:443 "PATCH /v1/pages/2f89c36b-b12a-8153-9d56-c50bbfe36592 HTTP/1.1" 200 None
2026-02-14 04:06:24,816 - DEBUG - Starting new HTTPS connection (1): api.notion.com:443
2026-02-14 04:06:26,166 - DEBUG - https://api.notion.com:443 "PATCH /v1/pages/2f89c36b-b12a-81bb-b295-d663476b2e6b HTTP/1.1" 200 None
2026-02-14 04:13:31,221 - DEBUG - Starting new HTTPS connection (1): api.notion.com:443
2026-02-14 04:13:35,174 - DEBUG - https://api.notion.com:443 "POST /v1/databases/2f89c36bb12a808c937ac179959da411/query HTTP/1.1" 200 None
2026-02-14 04:16:36,114 - DEBUG - Starting new HTTPS connection (1): api.notion.com:443
2026-02-14 04:16:36,715 - DEBUG - https://api.notion.com:443 "POST /v1/databases/3009c36bb12a80e28181ca6ecd9d7139/query HTTP/1.1" 200 None
2026-02-14 04:19:30,354 - INFO - 🔗 [Merged] '범위가 있는 중복조합의 해결 전략' -> '(중복의심) [78%] 범위가 있는 중복조합의 해결 전략' 병합 완료.
2026-02-14 04:19:30,603 - DEBUG - Starting new HTTPS connection (1): api.notion.com:443
2026-02-14 04:19:31,478 - DEBUG - https://api.notion.com:443 "POST /v1/pages HTTP/1.1" 200 None
2026-02-14 04:19:31,481 - DEBUG - Starting new HTTPS connection (1): api.notion.com:443
2026-02-14 04:19:32,155 - DEBUG - https://api.notion.com:443 "PATCH /v1/pages/2f89c36b-b12a-81e1-9522-e4de0c5085d9 HTTP/1.1" 200 None
2026-02-14 04:21:43,781 - INFO - 🔗 [Merged] '순서가 정해진 순열의 해석' -> '(중복의심) [84%] 순서가 정해진 순열의 해석' 병합 완료.
2026-02-14 04:21:44,031 - DEBUG - Starting new HTTPS connection (1): api.notion.com:443
2026-02-14 04:21:44,693 - DEBUG - https://api.notion.com:443 "POST /v1/pages HTTP/1.1" 200 None
2026-02-14 04:21:45,199 - INFO - 🔗 [Merged] '칸막이 모델과 중복조합' -> '(중복의심) [42%] 칸막이 모델과 중복조합' 병합 완료.
2026-02-14 04:21:45,450 - DEBUG - Starting new HTTPS connection (1): api.notion.com:443
2026-02-14 04:21:46,267 - DEBUG - https://api.notion.com:443 "POST /v1/pages HTTP/1.1" 200 None
2026-02-14 04:21:46,269 - DEBUG - Starting new HTTPS connection (1): api.notion.com:443
2026-02-14 04:21:48,010 - DEBUG - https://api.notion.com:443 "PATCH /v1/pages/2f89c36b-b12a-812d-bd37-e9ef1b478ea0 HTTP/1.1" 200 None
2026-02-14 12:09:22,938 - DEBUG - Starting new HTTPS connection (1): api.notion.com:443
2026-02-14 12:09:32,595 - DEBUG - https://api.notion.com:443 "POST /v1/databases/2f89c36bb12a808c937ac179959da411/query HTTP/1.1" 200 None
2026-02-14 12:12:52,526 - DEBUG - Starting new HTTPS connection (1): api.notion.com:443
2026-02-14 12:12:53,211 - DEBUG - https://api.notion.com:443 "POST /v1/databases/3009c36bb12a80e28181ca6ecd9d7139/query HTTP/1.1" 200 None
2026-02-14 12:16:44,205 - WARNING - ⚠️ [Suspect] '범위가 있는 중복조합의 해결 (Bounded Composition)' vs '(중복의심) [78%] 범위가 있는 중복조합의 해결 전략' (54%). 태그 부착 저장.
2026-02-14 12:16:44,880 - DEBUG - Starting new HTTPS connection (1): api.notion.com:443
2026-02-14 12:16:45,515 - DEBUG - https://api.notion.com:443 "POST /v1/pages HTTP/1.1" 200 None
2026-02-14 12:16:45,518 - DEBUG - Starting new HTTPS connection (1): api.notion.com:443
2026-02-14 12:16:46,653 - DEBUG - https://api.notion.com:443 "PATCH /v1/pages/2f89c36b-b12a-81e1-9522-e4de0c5085d9 HTTP/1.1" 200 None
2026-02-14 12:16:46,658 - DEBUG - Starting new HTTPS connection (1): api.notion.com:443
2026-02-14 12:16:48,759 - DEBUG - https://api.notion.com:443 "PATCH /v1/blocks/2f89c36b-b12a-81e1-9522-e4de0c5085d9/children HTTP/1.1" 200 None
2026-02-14 12:18:54,385 - INFO - ✨ [New] '연속된 자연수의 성질' 신규 등록.
2026-02-14 12:18:54,641 - DEBUG - Starting new HTTPS connection (1): api.notion.com:443
2026-02-14 12:18:55,279 - DEBUG - https://api.notion.com:443 "POST /v1/pages HTTP/1.1" 200 None
2026-02-14 12:18:55,281 - DEBUG - Starting new HTTPS connection (1): api.notion.com:443
2026-02-14 12:18:56,412 - DEBUG - https://api.notion.com:443 "PATCH /v1/pages/2f89c36b-b12a-812d-bd37-e9ef1b478ea0 HTTP/1.1" 200 None
2026-02-14 12:18:56,415 - DEBUG - Starting new HTTPS connection (1): api.notion.com:443
2026-02-14 12:18:58,379 - DEBUG - https://api.notion.com:443 "PATCH /v1/blocks/2f89c36b-b12a-812d-bd37-e9ef1b478ea0/children HTTP/1.1" 200 None
2026-02-14 12:20:35,555 - INFO - 🔗 [Merged] '낯선 상황 해결 전략' -> '낯선 상황 해결 전략' 병합 완료.
2026-02-14 12:20:35,797 - DEBUG - Starting new HTTPS connection (1): api.notion.com:443
2026-02-14 12:20:36,469 - DEBUG - https://api.notion.com:443 "POST /v1/pages HTTP/1.1" 200 None
2026-02-14 12:20:36,471 - DEBUG - Starting new HTTPS connection (1): api.notion.com:443
2026-02-14 12:20:37,752 - DEBUG - https://api.notion.com:443 "PATCH /v1/pages/2f89c36b-b12a-8153-9d56-c50bbfe36592 HTTP/1.1" 200 None
2026-02-14 12:20:37,755 - DEBUG - Starting new HTTPS connection (1): api.notion.com:443
2026-02-14 12:20:39,862 - DEBUG - https://api.notion.com:443 "PATCH /v1/blocks/2f89c36b-b12a-8153-9d56-c50bbfe36592/children HTTP/1.1" 200 None
2026-02-14 12:22:47,707 - INFO - 🔗 [Merged] '여사건을 이용한 순열과 조합' -> '(중복의심) [41%] 여사건을 이용한 순열과 조합' 병합 완료.
2026-02-14 12:22:47,949 - DEBUG - Starting new HTTPS connection (1): api.notion.com:443
2026-02-14 12:22:48,615 - DEBUG - https://api.notion.com:443 "POST /v1/pages HTTP/1.1" 200 None
2026-02-14 12:22:49,048 - INFO - 🔗 [Merged] '포함-배제의 원리' -> '포함-배제의 원리' 병합 완료.
2026-02-14 12:22:49,292 - DEBUG - Starting new HTTPS connection (1): api.notion.com:443
2026-02-14 12:22:50,246 - DEBUG - https://api.notion.com:443 "POST /v1/pages HTTP/1.1" 200 None
2026-02-14 12:22:50,249 - DEBUG - Starting new HTTPS connection (1): api.notion.com:443
2026-02-14 12:22:51,454 - DEBUG - https://api.notion.com:443 "PATCH /v1/pages/2f89c36b-b12a-81bb-b295-d663476b2e6b HTTP/1.1" 200 None
2026-02-14 12:22:51,457 - DEBUG - Starting new HTTPS connection (1): api.notion.com:443
2026-02-14 12:22:54,605 - DEBUG - https://api.notion.com:443 "PATCH /v1/blocks/2f89c36b-b12a-81bb-b295-d663476b2e6b/children HTTP/1.1" 200 None
2026-02-14 12:44:57,999 - DEBUG - Starting new HTTPS connection (1): api.notion.com:443
2026-02-14 12:45:01,640 - DEBUG - https://api.notion.com:443 "POST /v1/databases/2f89c36bb12a808c937ac179959da411/query HTTP/1.1" 200 None
2026-02-14 13:14:59,223 - DEBUG - Starting new HTTPS connection (1): api.notion.com:443
2026-02-14 13:15:04,215 - DEBUG - https://api.notion.com:443 "POST /v1/databases/2f89c36bb12a808c937ac179959da411/query HTTP/1.1" 200 None
2026-02-14 13:19:23,013 - DEBUG - Starting new HTTPS connection (1): api.notion.com:443
2026-02-14 13:19:28,467 - DEBUG - https://api.notion.com:443 "POST /v1/databases/2f89c36bb12a808c937ac179959da411/query HTTP/1.1" 200 None
2026-02-14 13:19:39,658 - DEBUG - Starting new HTTPS connection (1): api.notion.com:443
2026-02-14 13:19:40,289 - DEBUG - https://api.notion.com:443 "POST /v1/databases/3009c36bb12a80e28181ca6ecd9d7139/query HTTP/1.1" 200 None
2026-02-14 13:22:09,518 - DEBUG - Starting new HTTPS connection (1): api.notion.com:443
2026-02-14 13:22:10,273 - DEBUG - https://api.notion.com:443 "PATCH /v1/pages/2f89c36b-b12a-81e1-9522-e4de0c5085d9 HTTP/1.1" 200 None
2026-02-14 13:22:10,277 - DEBUG - Starting new HTTPS connection (1): api.notion.com:443
2026-02-14 13:22:12,214 - DEBUG - https://api.notion.com:443 "PATCH /v1/blocks/2f89c36b-b12a-81e1-9522-e4de0c5085d9/children HTTP/1.1" 200 None
2026-02-14 13:24:12,698 - INFO - 🔗 [Merged] '칸막이 모델과 중복조합' -> '(중복의심) [42%] 칸막이 모델과 중복조합' 병합 완료.
2026-02-14 13:24:12,945 - DEBUG - Starting new HTTPS connection (1): api.notion.com:443
2026-02-14 13:24:13,842 - DEBUG - https://api.notion.com:443 "POST /v1/pages HTTP/1.1" 200 None
2026-02-14 13:24:13,845 - DEBUG - Starting new HTTPS connection (1): api.notion.com:443
2026-02-14 13:24:14,824 - DEBUG - https://api.notion.com:443 "PATCH /v1/pages/2f89c36b-b12a-812d-bd37-e9ef1b478ea0 HTTP/1.1" 200 None
2026-02-14 13:24:14,828 - DEBUG - Starting new HTTPS connection (1): api.notion.com:443
2026-02-14 13:24:16,762 - DEBUG - https://api.notion.com:443 "PATCH /v1/blocks/2f89c36b-b12a-812d-bd37-e9ef1b478ea0/children HTTP/1.1" 200 None
2026-02-14 13:26:01,108 - WARNING - ⚠️ [Suspect] '시행 횟수의 변수화 (Variable Assignment to Operations)' vs '(중복의심) [47%] 시행 횟수의 변수화 (Modeling Operations)' (62%). 태그 부착 저장.
2026-02-14 13:26:01,701 - DEBUG - Starting new HTTPS connection (1): api.notion.com:443
2026-02-14 13:26:02,401 - DEBUG - https://api.notion.com:443 "POST /v1/pages HTTP/1.1" 200 None
2026-02-14 13:26:02,403 - DEBUG - Starting new HTTPS connection (1): api.notion.com:443
2026-02-14 13:26:03,134 - DEBUG - https://api.notion.com:443 "PATCH /v1/pages/2f89c36b-b12a-8153-9d56-c50bbfe36592 HTTP/1.1" 200 None
2026-02-14 13:26:03,137 - DEBUG - Starting new HTTPS connection (1): api.notion.com:443
2026-02-14 13:26:04,893 - DEBUG - https://api.notion.com:443 "PATCH /v1/blocks/2f89c36b-b12a-8153-9d56-c50bbfe36592/children HTTP/1.1" 200 None
2026-02-14 13:28:34,027 - WARNING - ⚠️ [Suspect] '여사건의 이용' vs '(중복의심) [41%] 여사건을 이용한 순열과 조합' (55%). 태그 부착 저장.
2026-02-14 13:28:34,652 - DEBUG - Starting new HTTPS connection (1): api.notion.com:443
2026-02-14 13:28:35,312 - DEBUG - https://api.notion.com:443 "POST /v1/pages HTTP/1.1" 200 None
2026-02-14 13:28:35,315 - DEBUG - Starting new HTTPS connection (1): api.notion.com:443
2026-02-14 13:28:35,973 - DEBUG - https://api.notion.com:443 "PATCH /v1/pages/2f89c36b-b12a-81bb-b295-d663476b2e6b HTTP/1.1" 200 None
2026-02-14 13:28:35,976 - DEBUG - Starting new HTTPS connection (1): api.notion.com:443
2026-02-14 13:28:38,045 - DEBUG - https://api.notion.com:443 "PATCH /v1/blocks/2f89c36b-b12a-81bb-b295-d663476b2e6b/children HTTP/1.1" 200 None
2026-02-14 13:37:42,755 - DEBUG - Starting new HTTPS connection (1): api.notion.com:443
2026-02-14 13:37:45,790 - DEBUG - https://api.notion.com:443 "POST /v1/databases/2f89c36bb12a808c937ac179959da411/query HTTP/1.1" 200 None
2026-02-14 13:39:46,138 - DEBUG - Starting new HTTPS connection (1): api.notion.com:443
2026-02-14 13:39:46,786 - DEBUG - https://api.notion.com:443 "POST /v1/databases/3009c36bb12a80e28181ca6ecd9d7139/query HTTP/1.1" 200 None
2026-02-14 13:42:13,733 - INFO - 🔗 [Merged] '범위가 있는 중복조합의 해결 전략' -> '(중복의심) [78%] 범위가 있는 중복조합의 해결 전략' 병합 완료.
2026-02-14 13:42:13,979 - DEBUG - Starting new HTTPS connection (1): api.notion.com:443
2026-02-14 13:42:14,587 - DEBUG - https://api.notion.com:443 "POST /v1/pages HTTP/1.1" 200 None
2026-02-14 13:42:14,589 - DEBUG - Starting new HTTPS connection (1): api.notion.com:443
2026-02-14 13:42:15,274 - DEBUG - https://api.notion.com:443 "PATCH /v1/pages/2f89c36b-b12a-81e1-9522-e4de0c5085d9 HTTP/1.1" 200 None
2026-02-14 13:42:15,278 - DEBUG - Starting new HTTPS connection (1): api.notion.com:443
2026-02-14 13:42:16,995 - DEBUG - https://api.notion.com:443 "PATCH /v1/blocks/2f89c36b-b12a-81e1-9522-e4de0c5085d9/children HTTP/1.1" 200 None
2026-02-14 13:44:13,444 - INFO - 🔗 [Merged] '칸막이 모델과 중복조합' -> '(중복의심) [42%] 칸막이 모델과 중복조합' 병합 완료.
2026-02-14 13:44:13,691 - DEBUG - Starting new HTTPS connection (1): api.notion.com:443
2026-02-14 13:44:14,352 - DEBUG - https://api.notion.com:443 "POST /v1/pages HTTP/1.1" 200 None
2026-02-14 13:44:14,862 - INFO - 🔗 [Merged] '연속된 자연수의 성질' -> '연속된 자연수의 성질' 병합 완료.
2026-02-14 13:44:15,135 - DEBUG - Starting new HTTPS connection (1): api.notion.com:443
2026-02-14 13:44:15,734 - DEBUG - https://api.notion.com:443 "POST /v1/pages HTTP/1.1" 200 None
2026-02-14 13:44:15,737 - DEBUG - Starting new HTTPS connection (1): api.notion.com:443
2026-02-14 13:44:16,585 - DEBUG - https://api.notion.com:443 "PATCH /v1/pages/2f89c36b-b12a-812d-bd37-e9ef1b478ea0 HTTP/1.1" 200 None
2026-02-14 13:44:16,588 - DEBUG - Starting new HTTPS connection (1): api.notion.com:443
2026-02-14 13:44:18,301 - DEBUG - https://api.notion.com:443 "PATCH /v1/blocks/2f89c36b-b12a-812d-bd37-e9ef1b478ea0/children HTTP/1.1" 200 None
2026-02-14 13:45:56,096 - INFO - 🔗 [Merged] '시행 횟수의 변수화 (Modeling Operations)' -> '(중복의심) [47%] 시행 횟수의 변수화 (Modeling Operations)' 병합 완료.
2026-02-14 13:45:56,344 - DEBUG - Starting new HTTPS connection (1): api.notion.com:443
2026-02-14 13:45:57,121 - DEBUG - https://api.notion.com:443 "POST /v1/pages HTTP/1.1" 200 None
2026-02-14 13:45:57,124 - DEBUG - Starting new HTTPS connection (1): api.notion.com:443
2026-02-14 13:45:57,962 - DEBUG - https://api.notion.com:443 "PATCH /v1/pages/2f89c36b-b12a-8153-9d56-c50bbfe36592 HTTP/1.1" 200 None
2026-02-14 13:45:57,965 - DEBUG - Starting new HTTPS connection (1): api.notion.com:443
2026-02-14 13:45:59,678 - DEBUG - https://api.notion.com:443 "PATCH /v1/blocks/2f89c36b-b12a-8153-9d56-c50bbfe36592/children HTTP/1.1" 200 None
2026-02-14 13:53:45,901 - DEBUG - Starting new HTTPS connection (1): api.notion.com:443
2026-02-14 13:53:49,707 - DEBUG - https://api.notion.com:443 "POST /v1/databases/2f89c36bb12a808c937ac179959da411/query HTTP/1.1" 200 None
2026-02-14 13:54:00,392 - DEBUG - Starting new HTTPS connection (1): api.notion.com:443
2026-02-14 13:54:01,066 - DEBUG - https://api.notion.com:443 "POST /v1/databases/3009c36bb12a80e28181ca6ecd9d7139/query HTTP/1.1" 200 None
2026-02-14 13:58:43,891 - INFO - 🔗 [Merged] '칸막이 모델과 중복조합' -> '(중복의심) [42%] 칸막이 모델과 중복조합' 병합 완료.
2026-02-14 13:58:44,138 - DEBUG - Starting new HTTPS connection (1): api.notion.com:443
2026-02-14 13:58:44,807 - DEBUG - https://api.notion.com:443 "POST /v1/pages HTTP/1.1" 200 None
2026-02-14 13:58:45,254 - INFO - 🔗 [Merged] '순서가 정해진 순열' -> '순서가 정해진 순열' 병합 완료.
2026-02-14 13:58:45,503 - DEBUG - Starting new HTTPS connection (1): api.notion.com:443
2026-02-14 13:58:46,082 - DEBUG - https://api.notion.com:443 "POST /v1/pages HTTP/1.1" 200 None
2026-02-14 13:58:46,085 - DEBUG - Starting new HTTPS connection (1): api.notion.com:443
2026-02-14 13:58:48,115 - DEBUG - https://api.notion.com:443 "PATCH /v1/pages/2f89c36b-b12a-812d-bd37-e9ef1b478ea0 HTTP/1.1" 200 None
2026-02-14 13:58:48,118 - DEBUG - Starting new HTTPS connection (1): api.notion.com:443
2026-02-14 13:58:49,773 - DEBUG - https://api.notion.com:443 "PATCH /v1/blocks/2f89c36b-b12a-812d-bd37-e9ef1b478ea0/children HTTP/1.1" 200 None
2026-02-14 14:00:29,752 - INFO - 🔗 [Merged] '시행 횟수의 변수화 (Modeling Operations)' -> '(중복의심) [47%] 시행 횟수의 변수화 (Modeling Operations)' 병합 완료.
2026-02-14 14:00:29,996 - DEBUG - Starting new HTTPS connection (1): api.notion.com:443
2026-02-14 14:00:30,639 - DEBUG - https://api.notion.com:443 "POST /v1/pages HTTP/1.1" 200 None
2026-02-14 14:00:30,641 - DEBUG - Starting new HTTPS connection (1): api.notion.com:443
2026-02-14 14:00:31,311 - DEBUG - https://api.notion.com:443 "PATCH /v1/pages/2f89c36b-b12a-8153-9d56-c50bbfe36592 HTTP/1.1" 200 None
2026-02-14 14:00:31,314 - DEBUG - Starting new HTTPS connection (1): api.notion.com:443
2026-02-14 14:00:33,155 - DEBUG - https://api.notion.com:443 "PATCH /v1/blocks/2f89c36b-b12a-8153-9d56-c50bbfe36592/children HTTP/1.1" 200 None
2026-02-14 14:02:35,832 - INFO - 🔗 [Merged] '범위가 있는 중복조합의 해결 전략' -> '(중복의심) [78%] 범위가 있는 중복조합의 해결 전략' 병합 완료.
2026-02-14 14:02:36,075 - DEBUG - Starting new HTTPS connection (1): api.notion.com:443
2026-02-14 14:02:36,711 - DEBUG - https://api.notion.com:443 "POST /v1/pages HTTP/1.1" 200 None
2026-02-14 14:02:36,713 - DEBUG - Starting new HTTPS connection (1): api.notion.com:443
2026-02-14 14:02:37,522 - DEBUG - https://api.notion.com:443 "PATCH /v1/pages/2f89c36b-b12a-81e1-9522-e4de0c5085d9 HTTP/1.1" 200 None
2026-02-14 14:02:37,526 - DEBUG - Starting new HTTPS connection (1): api.notion.com:443
2026-02-14 14:02:39,561 - DEBUG - https://api.notion.com:443 "PATCH /v1/blocks/2f89c36b-b12a-81e1-9522-e4de0c5085d9/children HTTP/1.1" 200 None
2026-02-14 14:09:33,337 - DEBUG - Starting new HTTPS connection (1): api.notion.com:443
2026-02-14 14:09:36,994 - DEBUG - https://api.notion.com:443 "POST /v1/databases/2f89c36bb12a808c937ac179959da411/query HTTP/1.1" 200 None
2026-02-14 14:09:47,057 - DEBUG - Starting new HTTPS connection (1): api.notion.com:443
2026-02-14 14:09:48,149 - DEBUG - https://api.notion.com:443 "POST /v1/databases/3009c36bb12a80e28181ca6ecd9d7139/query HTTP/1.1" 200 None
2026-02-14 14:18:08,703 - INFO - 🔗 [Merged] '여사건의 이용' -> '(중복의심) [55%] 여사건의 이용' 병합 완료.
2026-02-14 14:18:08,965 - DEBUG - Starting new HTTPS connection (1): api.notion.com:443
2026-02-14 14:18:09,842 - DEBUG - https://api.notion.com:443 "POST /v1/pages HTTP/1.1" 200 None
2026-02-14 14:18:09,845 - DEBUG - Starting new HTTPS connection (1): api.notion.com:443
2026-02-14 14:18:10,536 - DEBUG - https://api.notion.com:443 "PATCH /v1/pages/2f89c36b-b12a-81bb-b295-d663476b2e6b HTTP/1.1" 200 None
2026-02-14 14:18:10,541 - DEBUG - Starting new HTTPS connection (1): api.notion.com:443
2026-02-14 14:18:13,001 - DEBUG - https://api.notion.com:443 "PATCH /v1/blocks/2f89c36b-b12a-81bb-b295-d663476b2e6b/children HTTP/1.1" 200 None
2026-02-14 14:20:05,362 - INFO - 🔗 [Merged] '범위가 있는 중복조합' -> '범위가 있는 중복조합' 병합 완료.
2026-02-14 14:20:05,607 - DEBUG - Starting new HTTPS connection (1): api.notion.com:443
2026-02-14 14:20:06,199 - DEBUG - https://api.notion.com:443 "POST /v1/pages HTTP/1.1" 200 None
2026-02-14 14:20:06,202 - DEBUG - Starting new HTTPS connection (1): api.notion.com:443
2026-02-14 14:20:07,706 - DEBUG - https://api.notion.com:443 "PATCH /v1/pages/2f89c36b-b12a-81e1-9522-e4de0c5085d9 HTTP/1.1" 200 None
2026-02-14 14:20:07,708 - DEBUG - Starting new HTTPS connection (1): api.notion.com:443
2026-02-14 14:20:09,410 - DEBUG - https://api.notion.com:443 "PATCH /v1/blocks/2f89c36b-b12a-81e1-9522-e4de0c5085d9/children HTTP/1.1" 200 None
2026-02-14 14:22:00,497 - WARNING - ⚠️ [Suspect] '중복조합과 칸막이 모델' vs '(중복의심) [42%] 칸막이 모델과 중복조합' (50%). 태그 부착 저장.
2026-02-14 14:22:01,148 - DEBUG - Starting new HTTPS connection (1): api.notion.com:443
2026-02-14 14:22:01,750 - DEBUG - https://api.notion.com:443 "POST /v1/pages HTTP/1.1" 200 None
2026-02-14 14:22:01,752 - DEBUG - Starting new HTTPS connection (1): api.notion.com:443
2026-02-14 14:22:02,983 - DEBUG - https://api.notion.com:443 "PATCH /v1/pages/2f89c36b-b12a-812d-bd37-e9ef1b478ea0 HTTP/1.1" 200 None
2026-02-14 14:22:02,986 - DEBUG - Starting new HTTPS connection (1): api.notion.com:443
2026-02-14 14:22:04,861 - DEBUG - https://api.notion.com:443 "PATCH /v1/blocks/2f89c36b-b12a-812d-bd37-e9ef1b478ea0/children HTTP/1.1" 200 None
2026-02-14 14:26:23,649 - DEBUG - Starting new HTTPS connection (1): api.notion.com:443
2026-02-14 14:26:27,920 - DEBUG - https://api.notion.com:443 "POST /v1/databases/2f89c36bb12a808c937ac179959da411/query HTTP/1.1" 200 None
2026-02-14 14:26:39,326 - DEBUG - Starting new HTTPS connection (1): api.notion.com:443
2026-02-14 14:26:40,566 - DEBUG - https://api.notion.com:443 "POST /v1/databases/3009c36bb12a80e28181ca6ecd9d7139/query HTTP/1.1" 200 None
2026-02-14 14:28:29,018 - INFO - 🔗 [Merged] '시행 횟수의 변수화 (Modeling Operations)' -> '(중복의심) [47%] 시행 횟수의 변수화 (Modeling Operations)' 병합 완료.
2026-02-14 14:28:29,265 - DEBUG - Starting new HTTPS connection (1): api.notion.com:443
2026-02-14 14:28:29,858 - DEBUG - https://api.notion.com:443 "POST /v1/pages HTTP/1.1" 200 None
2026-02-14 14:28:29,860 - DEBUG - Starting new HTTPS connection (1): api.notion.com:443
2026-02-14 14:28:30,562 - DEBUG - https://api.notion.com:443 "PATCH /v1/pages/2f89c36b-b12a-8153-9d56-c50bbfe36592 HTTP/1.1" 200 None
2026-02-14 14:28:30,566 - DEBUG - Starting new HTTPS connection (1): api.notion.com:443
2026-02-14 14:28:32,556 - DEBUG - https://api.notion.com:443 "PATCH /v1/blocks/2f89c36b-b12a-8153-9d56-c50bbfe36592/children HTTP/1.1" 200 None
2026-02-14 14:30:34,847 - INFO - 🔗 [Merged] '범위가 있는 중복조합' -> '범위가 있는 중복조합' 병합 완료.
2026-02-14 14:30:35,102 - DEBUG - Starting new HTTPS connection (1): api.notion.com:443
2026-02-14 14:30:36,180 - DEBUG - https://api.notion.com:443 "POST /v1/pages HTTP/1.1" 200 None
2026-02-14 14:30:36,186 - DEBUG - Starting new HTTPS connection (1): api.notion.com:443
2026-02-14 14:30:37,003 - DEBUG - https://api.notion.com:443 "PATCH /v1/pages/2f89c36b-b12a-81e1-9522-e4de0c5085d9 HTTP/1.1" 200 None
2026-02-14 14:30:37,006 - DEBUG - Starting new HTTPS connection (1): api.notion.com:443
2026-02-14 14:30:39,553 - DEBUG - https://api.notion.com:443 "PATCH /v1/blocks/2f89c36b-b12a-81e1-9522-e4de0c5085d9/children HTTP/1.1" 200 None
2026-02-14 14:32:30,749 - INFO - 🔗 [Merged] '칸막이 모델과 중복조합' -> '(중복의심) [42%] 칸막이 모델과 중복조합' 병합 완료.
2026-02-14 14:32:30,997 - DEBUG - Starting new HTTPS connection (1): api.notion.com:443
2026-02-14 14:32:32,267 - DEBUG - https://api.notion.com:443 "POST /v1/pages HTTP/1.1" 200 None
2026-02-14 14:32:32,269 - DEBUG - Starting new HTTPS connection (1): api.notion.com:443
2026-02-14 14:32:33,285 - DEBUG - https://api.notion.com:443 "PATCH /v1/pages/2f89c36b-b12a-812d-bd37-e9ef1b478ea0 HTTP/1.1" 200 None
2026-02-14 14:32:33,288 - DEBUG - Starting new HTTPS connection (1): api.notion.com:443
2026-02-14 14:32:35,489 - DEBUG - https://api.notion.com:443 "PATCH /v1/blocks/2f89c36b-b12a-812d-bd37-e9ef1b478ea0/children HTTP/1.1" 200 None
2026-02-14 14:35:03,797 - DEBUG - Starting new HTTPS connection (1): api.notion.com:443
2026-02-14 14:35:05,005 - DEBUG - https://api.notion.com:443 "PATCH /v1/pages/2f89c36b-b12a-81bb-b295-d663476b2e6b HTTP/1.1" 200 None
2026-02-14 14:35:05,008 - DEBUG - Starting new HTTPS connection (1): api.notion.com:443
2026-02-14 14:35:07,133 - DEBUG - https://api.notion.com:443 "PATCH /v1/blocks/2f89c36b-b12a-81bb-b295-d663476b2e6b/children HTTP/1.1" 200 None
2026-02-14 14:49:45,447 - DEBUG - Starting new HTTPS connection (1): api.notion.com:443
2026-02-14 14:49:49,230 - DEBUG - https://api.notion.com:443 "POST /v1/databases/2f89c36bb12a808c937ac179959da411/query HTTP/1.1" 200 None
2026-02-14 14:50:00,942 - DEBUG - Starting new HTTPS connection (1): api.notion.com:443
2026-02-14 14:50:01,628 - DEBUG - https://api.notion.com:443 "POST /v1/databases/3009c36bb12a80e28181ca6ecd9d7139/query HTTP/1.1" 200 None
2026-02-14 14:52:47,408 - DEBUG - Starting new HTTPS connection (1): api.notion.com:443
2026-02-14 14:52:48,489 - DEBUG - https://api.notion.com:443 "PATCH /v1/pages/2f89c36b-b12a-81e1-9522-e4de0c5085d9 HTTP/1.1" 200 None
2026-02-14 14:52:48,493 - DEBUG - Starting new HTTPS connection (1): api.notion.com:443
2026-02-14 14:52:50,311 - DEBUG - https://api.notion.com:443 "PATCH /v1/blocks/2f89c36b-b12a-81e1-9522-e4de0c5085d9/children HTTP/1.1" 200 None
2026-02-14 14:54:55,853 - DEBUG - Starting new HTTPS connection (1): api.notion.com:443
2026-02-14 14:54:56,753 - DEBUG - https://api.notion.com:443 "PATCH /v1/pages/2f89c36b-b12a-812d-bd37-e9ef1b478ea0 HTTP/1.1" 200 None
2026-02-14 14:54:56,756 - DEBUG - Starting new HTTPS connection (1): api.notion.com:443
2026-02-14 14:54:58,375 - DEBUG - https://api.notion.com:443 "PATCH /v1/blocks/2f89c36b-b12a-812d-bd37-e9ef1b478ea0/children HTTP/1.1" 200 None
2026-02-14 14:56:43,313 - INFO - 🔗 [Merged] '시행 횟수의 변수화 (Modeling Operations)' -> '(중복의심) [47%] 시행 횟수의 변수화 (Modeling Operations)' 병합 완료.
2026-02-14 14:56:43,567 - DEBUG - Starting new HTTPS connection (1): api.notion.com:443
2026-02-14 14:56:44,236 - DEBUG - https://api.notion.com:443 "POST /v1/pages HTTP/1.1" 200 None
2026-02-14 14:56:44,239 - DEBUG - Starting new HTTPS connection (1): api.notion.com:443
2026-02-14 14:56:45,440 - DEBUG - https://api.notion.com:443 "PATCH /v1/pages/2f89c36b-b12a-8153-9d56-c50bbfe36592 HTTP/1.1" 200 None
2026-02-14 14:56:45,443 - DEBUG - Starting new HTTPS connection (1): api.notion.com:443
2026-02-14 14:56:48,491 - DEBUG - https://api.notion.com:443 "PATCH /v1/blocks/2f89c36b-b12a-8153-9d56-c50bbfe36592/children HTTP/1.1" 200 None
2026-02-14 14:59:24,244 - DEBUG - Starting new HTTPS connection (1): api.notion.com:443
2026-02-14 14:59:25,459 - DEBUG - https://api.notion.com:443 "PATCH /v1/pages/2f89c36b-b12a-81bb-b295-d663476b2e6b HTTP/1.1" 200 None
2026-02-14 14:59:25,462 - DEBUG - Starting new HTTPS connection (1): api.notion.com:443
2026-02-14 14:59:27,010 - DEBUG - https://api.notion.com:443 "PATCH /v1/blocks/2f89c36b-b12a-81bb-b295-d663476b2e6b/children HTTP/1.1" 200 None
2026-02-14 15:13:20,211 - DEBUG - Starting new HTTPS connection (1): api.notion.com:443
2026-02-14 15:13:25,423 - DEBUG - https://api.notion.com:443 "POST /v1/databases/2f89c36bb12a808c937ac179959da411/query HTTP/1.1" 200 None
2026-02-14 15:13:37,327 - DEBUG - Starting new HTTPS connection (1): api.notion.com:443
2026-02-14 15:13:38,051 - DEBUG - https://api.notion.com:443 "POST /v1/databases/3009c36bb12a80e28181ca6ecd9d7139/query HTTP/1.1" 200 None
2026-02-14 15:17:57,749 - INFO - 🔗 [Merged] '범위가 있는 중복조합' -> '범위가 있는 중복조합' 병합 완료.
2026-02-14 15:17:57,996 - DEBUG - Starting new HTTPS connection (1): api.notion.com:443
2026-02-14 15:17:58,607 - DEBUG - https://api.notion.com:443 "POST /v1/pages HTTP/1.1" 200 None
2026-02-14 15:17:58,609 - DEBUG - Starting new HTTPS connection (1): api.notion.com:443
2026-02-14 15:17:59,714 - DEBUG - https://api.notion.com:443 "PATCH /v1/pages/2f89c36b-b12a-81e1-9522-e4de0c5085d9 HTTP/1.1" 200 None
2026-02-14 15:17:59,718 - DEBUG - Starting new HTTPS connection (1): api.notion.com:443
2026-02-14 15:18:01,451 - DEBUG - https://api.notion.com:443 "PATCH /v1/blocks/2f89c36b-b12a-81e1-9522-e4de0c5085d9/children HTTP/1.1" 200 None
2026-02-14 15:20:06,496 - INFO - 🔗 [Merged] '연속된 자연수의 성질' -> '연속된 자연수의 성질' 병합 완료.
2026-02-14 15:20:06,751 - DEBUG - Starting new HTTPS connection (1): api.notion.com:443
2026-02-14 15:20:07,413 - DEBUG - https://api.notion.com:443 "POST /v1/pages HTTP/1.1" 200 None
2026-02-14 15:20:07,415 - DEBUG - Starting new HTTPS connection (1): api.notion.com:443
2026-02-14 15:20:08,592 - DEBUG - https://api.notion.com:443 "PATCH /v1/pages/2f89c36b-b12a-812d-bd37-e9ef1b478ea0 HTTP/1.1" 200 None
2026-02-14 15:20:08,595 - DEBUG - Starting new HTTPS connection (1): api.notion.com:443
2026-02-14 15:20:12,127 - DEBUG - https://api.notion.com:443 "PATCH /v1/blocks/2f89c36b-b12a-812d-bd37-e9ef1b478ea0/children HTTP/1.1" 200 None
2026-02-14 15:22:01,681 - INFO - 🔗 [Merged] '시행 횟수의 변수화 (Modeling Operations)' -> '(중복의심) [47%] 시행 횟수의 변수화 (Modeling Operations)' 병합 완료.
2026-02-14 15:22:01,927 - DEBUG - Starting new HTTPS connection (1): api.notion.com:443
2026-02-14 15:22:02,655 - DEBUG - https://api.notion.com:443 "POST /v1/pages HTTP/1.1" 200 None
2026-02-14 15:22:02,658 - DEBUG - Starting new HTTPS connection (1): api.notion.com:443
2026-02-14 15:22:04,202 - DEBUG - https://api.notion.com:443 "PATCH /v1/pages/2f89c36b-b12a-8153-9d56-c50bbfe36592 HTTP/1.1" 200 None
2026-02-14 15:22:04,205 - DEBUG - Starting new HTTPS connection (1): api.notion.com:443
2026-02-14 15:22:06,460 - DEBUG - https://api.notion.com:443 "PATCH /v1/blocks/2f89c36b-b12a-8153-9d56-c50bbfe36592/children HTTP/1.1" 200 None
2026-02-14 15:30:24,027 - DEBUG - Starting new HTTPS connection (1): api.notion.com:443
2026-02-14 15:30:26,737 - DEBUG - https://api.notion.com:443 "POST /v1/databases/2f89c36bb12a808c937ac179959da411/query HTTP/1.1" 200 None
2026-02-14 15:33:46,889 - DEBUG - Starting new HTTPS connection (1): api.notion.com:443
2026-02-14 15:33:47,669 - DEBUG - https://api.notion.com:443 "POST /v1/databases/3009c36bb12a80e28181ca6ecd9d7139/query HTTP/1.1" 200 None
2026-02-14 15:49:58,479 - INFO - 🔗 [Merged] '여사건의 이용' -> '(중복의심) [55%] 여사건의 이용' 병합 완료.
2026-02-14 15:49:58,738 - DEBUG - Starting new HTTPS connection (1): api.notion.com:443
2026-02-14 15:49:59,656 - DEBUG - https://api.notion.com:443 "POST /v1/pages HTTP/1.1" 200 None
2026-02-14 15:49:59,658 - DEBUG - Starting new HTTPS connection (1): api.notion.com:443
2026-02-14 15:50:00,496 - DEBUG - https://api.notion.com:443 "PATCH /v1/pages/2f89c36b-b12a-81bb-b295-d663476b2e6b HTTP/1.1" 200 None
2026-02-14 15:50:00,500 - DEBUG - Starting new HTTPS connection (1): api.notion.com:443
2026-02-14 15:50:03,024 - DEBUG - https://api.notion.com:443 "PATCH /v1/blocks/2f89c36b-b12a-81bb-b295-d663476b2e6b/children HTTP/1.1" 200 None
2026-02-14 15:52:06,697 - INFO - 🛡️ [Skip] '범위가 있는 중복조합' 내용은 이미 '범위가 있는 중복조합'에 있음.
2026-02-14 15:52:07,154 - DEBUG - Starting new HTTPS connection (1): api.notion.com:443
2026-02-14 15:52:07,966 - DEBUG - https://api.notion.com:443 "POST /v1/pages HTTP/1.1" 200 None
2026-02-14 15:52:07,971 - DEBUG - Starting new HTTPS connection (1): api.notion.com:443
2026-02-14 15:52:09,105 - DEBUG - https://api.notion.com:443 "PATCH /v1/pages/2f89c36b-b12a-81e1-9522-e4de0c5085d9 HTTP/1.1" 200 None
2026-02-14 15:52:09,108 - DEBUG - Starting new HTTPS connection (1): api.notion.com:443
2026-02-14 15:52:10,781 - DEBUG - https://api.notion.com:443 "PATCH /v1/blocks/2f89c36b-b12a-81e1-9522-e4de0c5085d9/children HTTP/1.1" 200 None
2026-02-14 15:54:20,380 - INFO - 🔗 [Merged] '칸막이 모델과 중복조합' -> '(중복의심) [42%] 칸막이 모델과 중복조합' 병합 완료.
2026-02-14 15:54:20,625 - DEBUG - Starting new HTTPS connection (1): api.notion.com:443
2026-02-14 15:54:21,241 - DEBUG - https://api.notion.com:443 "POST /v1/pages HTTP/1.1" 200 None
2026-02-14 15:54:21,244 - DEBUG - Starting new HTTPS connection (1): api.notion.com:443
2026-02-14 15:54:22,172 - DEBUG - https://api.notion.com:443 "PATCH /v1/pages/2f89c36b-b12a-812d-bd37-e9ef1b478ea0 HTTP/1.1" 200 None
2026-02-14 15:54:22,175 - DEBUG - Starting new HTTPS connection (1): api.notion.com:443
2026-02-14 15:54:23,763 - DEBUG - https://api.notion.com:443 "PATCH /v1/blocks/2f89c36b-b12a-812d-bd37-e9ef1b478ea0/children HTTP/1.1" 200 None
2026-02-14 15:55:58,886 - INFO - 🔗 [Merged] '시행 횟수의 변수화 (Modeling Operations)' -> '(중복의심) [47%] 시행 횟수의 변수화 (Modeling Operations)' 병합 완료.
2026-02-14 15:55:59,130 - DEBUG - Starting new HTTPS connection (1): api.notion.com:443
2026-02-14 15:55:59,742 - DEBUG - https://api.notion.com:443 "POST /v1/pages HTTP/1.1" 200 None
2026-02-14 15:55:59,744 - DEBUG - Starting new HTTPS connection (1): api.notion.com:443
2026-02-14 15:56:00,618 - DEBUG - https://api.notion.com:443 "PATCH /v1/pages/2f89c36b-b12a-8153-9d56-c50bbfe36592 HTTP/1.1" 200 None
2026-02-14 15:56:00,622 - DEBUG - Starting new HTTPS connection (1): api.notion.com:443
2026-02-14 15:56:02,396 - DEBUG - https://api.notion.com:443 "PATCH /v1/blocks/2f89c36b-b12a-8153-9d56-c50bbfe36592/children HTTP/1.1" 200 None
2026-02-14 16:33:01,140 - DEBUG - Starting new HTTPS connection (1): api.notion.com:443
2026-02-14 16:33:05,174 - DEBUG - https://api.notion.com:443 "POST /v1/databases/2f89c36bb12a808c937ac179959da411/query HTTP/1.1" 200 None
2026-02-14 16:33:16,828 - DEBUG - Starting new HTTPS connection (1): api.notion.com:443
2026-02-14 16:33:17,615 - DEBUG - https://api.notion.com:443 "POST /v1/databases/3009c36bb12a80e28181ca6ecd9d7139/query HTTP/1.1" 200 None
2026-02-14 16:37:58,209 - INFO - 🔗 [Merged] '범위가 있는 중복조합' -> '범위가 있는 중복조합' 병합 완료.
2026-02-14 16:37:58,464 - DEBUG - Starting new HTTPS connection (1): api.notion.com:443
2026-02-14 16:37:59,127 - DEBUG - https://api.notion.com:443 "POST /v1/pages HTTP/1.1" 200 None
2026-02-14 16:37:59,130 - DEBUG - Starting new HTTPS connection (1): api.notion.com:443
2026-02-14 16:38:00,099 - DEBUG - https://api.notion.com:443 "PATCH /v1/pages/2f89c36b-b12a-81e1-9522-e4de0c5085d9 HTTP/1.1" 200 None
2026-02-14 16:38:00,103 - DEBUG - Starting new HTTPS connection (1): api.notion.com:443
2026-02-14 16:38:02,857 - DEBUG - https://api.notion.com:443 "PATCH /v1/blocks/2f89c36b-b12a-81e1-9522-e4de0c5085d9/children HTTP/1.1" 200 None
2026-02-14 16:40:16,076 - INFO - 🔗 [Merged] '칸막이 모델과 중복조합' -> '(중복의심) [42%] 칸막이 모델과 중복조합' 병합 완료.
2026-02-14 16:40:16,325 - DEBUG - Starting new HTTPS connection (1): api.notion.com:443
2026-02-14 16:40:17,008 - DEBUG - https://api.notion.com:443 "POST /v1/pages HTTP/1.1" 200 None
2026-02-14 16:40:17,428 - INFO - 🔗 [Merged] '순서가 정해진 순열' -> '순서가 정해진 순열' 병합 완료.
2026-02-14 16:40:17,676 - DEBUG - Starting new HTTPS connection (1): api.notion.com:443
2026-02-14 16:40:18,275 - DEBUG - https://api.notion.com:443 "POST /v1/pages HTTP/1.1" 200 None
2026-02-14 16:40:18,277 - DEBUG - Starting new HTTPS connection (1): api.notion.com:443
2026-02-14 16:40:19,564 - DEBUG - https://api.notion.com:443 "PATCH /v1/pages/2f89c36b-b12a-812d-bd37-e9ef1b478ea0 HTTP/1.1" 200 None
2026-02-14 16:40:19,567 - DEBUG - Starting new HTTPS connection (1): api.notion.com:443
2026-02-14 16:40:21,828 - DEBUG - https://api.notion.com:443 "PATCH /v1/blocks/2f89c36b-b12a-812d-bd37-e9ef1b478ea0/children HTTP/1.1" 200 None
2026-02-14 16:42:21,177 - INFO - 🔗 [Merged] '시행 횟수의 변수화' -> '시행 횟수의 변수화' 병합 완료.
2026-02-14 16:42:21,424 - DEBUG - Starting new HTTPS connection (1): api.notion.com:443
2026-02-14 16:42:22,099 - DEBUG - https://api.notion.com:443 "POST /v1/pages HTTP/1.1" 200 None
2026-02-14 16:42:22,102 - DEBUG - Starting new HTTPS connection (1): api.notion.com:443
2026-02-14 16:42:23,927 - DEBUG - https://api.notion.com:443 "PATCH /v1/pages/2f89c36b-b12a-8153-9d56-c50bbfe36592 HTTP/1.1" 200 None
2026-02-14 16:42:23,930 - DEBUG - Starting new HTTPS connection (1): api.notion.com:443
2026-02-14 16:42:27,430 - DEBUG - https://api.notion.com:443 "PATCH /v1/blocks/2f89c36b-b12a-8153-9d56-c50bbfe36592/children HTTP/1.1" 200 None
2026-02-14 16:44:49,314 - DEBUG - Starting new HTTPS connection (1): api.notion.com:443
2026-02-14 16:44:50,602 - DEBUG - https://api.notion.com:443 "PATCH /v1/pages/2f89c36b-b12a-81bb-b295-d663476b2e6b HTTP/1.1" 200 None
2026-02-14 16:44:50,605 - DEBUG - Starting new HTTPS connection (1): api.notion.com:443
2026-02-14 16:44:52,154 - DEBUG - https://api.notion.com:443 "PATCH /v1/blocks/2f89c36b-b12a-81bb-b295-d663476b2e6b/children HTTP/1.1" 200 None
2026-02-14 17:05:22,758 - DEBUG - Starting new HTTPS connection (1): api.notion.com:443
2026-02-14 17:05:27,839 - DEBUG - https://api.notion.com:443 "POST /v1/databases/2f89c36bb12a808c937ac179959da411/query HTTP/1.1" 200 None
2026-02-14 17:36:03,004 - DEBUG - Starting new HTTPS connection (1): api.notion.com:443
2026-02-14 17:36:14,096 - DEBUG - https://api.notion.com:443 "POST /v1/databases/2f89c36bb12a808c937ac179959da411/query HTTP/1.1" 200 None
2026-02-14 17:39:23,919 - DEBUG - Starting new HTTPS connection (1): api.notion.com:443
2026-02-14 17:39:24,757 - DEBUG - https://api.notion.com:443 "POST /v1/databases/3009c36bb12a80e28181ca6ecd9d7139/query HTTP/1.1" 200 None
2026-02-14 17:41:23,205 - INFO - 🔗 [Merged] '범위가 있는 중복조합' -> '범위가 있는 중복조합' 병합 완료.
2026-02-14 17:41:23,451 - DEBUG - Starting new HTTPS connection (1): api.notion.com:443
2026-02-14 17:41:24,338 - DEBUG - https://api.notion.com:443 "POST /v1/pages HTTP/1.1" 200 None
2026-02-14 17:41:24,341 - DEBUG - Starting new HTTPS connection (1): api.notion.com:443
2026-02-14 17:41:25,194 - DEBUG - https://api.notion.com:443 "PATCH /v1/pages/2f89c36b-b12a-81e1-9522-e4de0c5085d9 HTTP/1.1" 200 None
2026-02-14 17:41:25,198 - DEBUG - Starting new HTTPS connection (1): api.notion.com:443
2026-02-14 17:41:26,948 - DEBUG - https://api.notion.com:443 "PATCH /v1/blocks/2f89c36b-b12a-81e1-9522-e4de0c5085d9/children HTTP/1.1" 200 None
2026-02-14 17:43:27,640 - INFO - 🔗 [Merged] '연속된 자연수의 배수 성질' -> '연속된 자연수의 성질' 병합 완료.
2026-02-14 17:43:27,875 - DEBUG - Starting new HTTPS connection (1): api.notion.com:443
2026-02-14 17:43:28,533 - DEBUG - https://api.notion.com:443 "POST /v1/pages HTTP/1.1" 200 None
2026-02-14 17:43:28,535 - DEBUG - Starting new HTTPS connection (1): api.notion.com:443
2026-02-14 17:43:29,638 - DEBUG - https://api.notion.com:443 "PATCH /v1/pages/2f89c36b-b12a-812d-bd37-e9ef1b478ea0 HTTP/1.1" 200 None
2026-02-14 17:43:29,642 - DEBUG - Starting new HTTPS connection (1): api.notion.com:443
2026-02-14 17:43:34,144 - DEBUG - https://api.notion.com:443 "PATCH /v1/blocks/2f89c36b-b12a-812d-bd37-e9ef1b478ea0/children HTTP/1.1" 200 None
2026-02-14 17:45:24,026 - INFO - 🔗 [Merged] '시행 횟수의 변수화 (Modeling Operations)' -> '(중복의심) [47%] 시행 횟수의 변수화 (Modeling Operations)' 병합 완료.
2026-02-14 17:45:24,272 - DEBUG - Starting new HTTPS connection (1): api.notion.com:443
2026-02-14 17:45:24,913 - DEBUG - https://api.notion.com:443 "POST /v1/pages HTTP/1.1" 200 None
2026-02-14 17:45:24,915 - DEBUG - Starting new HTTPS connection (1): api.notion.com:443
2026-02-14 17:45:25,597 - DEBUG - https://api.notion.com:443 "PATCH /v1/pages/2f89c36b-b12a-8153-9d56-c50bbfe36592 HTTP/1.1" 200 None
2026-02-14 17:45:25,600 - DEBUG - Starting new HTTPS connection (1): api.notion.com:443
2026-02-14 17:45:27,925 - DEBUG - https://api.notion.com:443 "PATCH /v1/blocks/2f89c36b-b12a-8153-9d56-c50bbfe36592/children HTTP/1.1" 200 None
2026-02-14 17:47:49,187 - INFO - 🔗 [Merged] '여사건의 이용' -> '(중복의심) [55%] 여사건의 이용' 병합 완료.
2026-02-14 17:47:49,436 - DEBUG - Starting new HTTPS connection (1): api.notion.com:443
2026-02-14 17:47:50,161 - DEBUG - https://api.notion.com:443 "POST /v1/pages HTTP/1.1" 200 None
2026-02-14 17:47:50,164 - DEBUG - Starting new HTTPS connection (1): api.notion.com:443
2026-02-14 17:47:50,926 - DEBUG - https://api.notion.com:443 "PATCH /v1/pages/2f89c36b-b12a-81bb-b295-d663476b2e6b HTTP/1.1" 200 None
2026-02-14 17:47:50,930 - DEBUG - Starting new HTTPS connection (1): api.notion.com:443
2026-02-14 17:47:53,507 - DEBUG - https://api.notion.com:443 "PATCH /v1/blocks/2f89c36b-b12a-81bb-b295-d663476b2e6b/children HTTP/1.1" 200 None
2026-02-14 18:09:26,745 - DEBUG - Starting new HTTPS connection (1): api.notion.com:443
2026-02-14 18:09:36,120 - DEBUG - https://api.notion.com:443 "POST /v1/databases/2f89c36bb12a808c937ac179959da411/query HTTP/1.1" 200 None
2026-02-14 18:16:24,270 - DEBUG - Starting new HTTPS connection (1): api.notion.com:443
2026-02-14 18:16:27,536 - DEBUG - https://api.notion.com:443 "POST /v1/databases/2f89c36bb12a808c937ac179959da411/query HTTP/1.1" 200 None
2026-02-14 18:19:36,939 - DEBUG - Starting new HTTPS connection (1): api.notion.com:443
2026-02-14 18:19:37,794 - DEBUG - https://api.notion.com:443 "POST /v1/databases/3009c36bb12a80e28181ca6ecd9d7139/query HTTP/1.1" 200 None
2026-02-14 18:22:10,426 - INFO - 🔗 [Merged] '범위가 있는 중복조합 (Bounded Composition)' -> '(중복의심) [54%] 범위가 있는 중복조합의 해결 (Bounded Composition)' 병합 완료.
2026-02-14 18:22:10,672 - DEBUG - Starting new HTTPS connection (1): api.notion.com:443
2026-02-14 18:22:12,502 - DEBUG - https://api.notion.com:443 "POST /v1/pages HTTP/1.1" 200 None
2026-02-14 18:22:12,504 - DEBUG - Starting new HTTPS connection (1): api.notion.com:443
2026-02-14 18:22:13,475 - DEBUG - https://api.notion.com:443 "PATCH /v1/pages/2f89c36b-b12a-81e1-9522-e4de0c5085d9 HTTP/1.1" 200 None
2026-02-14 18:22:13,479 - DEBUG - Starting new HTTPS connection (1): api.notion.com:443
2026-02-14 18:22:15,495 - DEBUG - https://api.notion.com:443 "PATCH /v1/blocks/2f89c36b-b12a-81e1-9522-e4de0c5085d9/children HTTP/1.1" 200 None
2026-02-14 18:24:38,917 - DEBUG - Starting new HTTPS connection (1): api.notion.com:443
2026-02-14 18:24:39,978 - DEBUG - https://api.notion.com:443 "PATCH /v1/pages/2f89c36b-b12a-812d-bd37-e9ef1b478ea0 HTTP/1.1" 200 None
2026-02-14 18:24:39,982 - DEBUG - Starting new HTTPS connection (1): api.notion.com:443
2026-02-14 18:24:41,776 - DEBUG - https://api.notion.com:443 "PATCH /v1/blocks/2f89c36b-b12a-812d-bd37-e9ef1b478ea0/children HTTP/1.1" 200 None
2026-02-14 18:26:30,675 - INFO - 🔗 [Merged] '시행 횟수의 변수화' -> '시행 횟수의 변수화' 병합 완료.
2026-02-14 18:26:30,920 - DEBUG - Starting new HTTPS connection (1): api.notion.com:443
2026-02-14 18:26:31,862 - DEBUG - https://api.notion.com:443 "POST /v1/pages HTTP/1.1" 200 None
2026-02-14 18:26:31,864 - DEBUG - Starting new HTTPS connection (1): api.notion.com:443
2026-02-14 18:26:33,403 - DEBUG - https://api.notion.com:443 "PATCH /v1/pages/2f89c36b-b12a-8153-9d56-c50bbfe36592 HTTP/1.1" 200 None
2026-02-14 18:26:33,406 - DEBUG - Starting new HTTPS connection (1): api.notion.com:443
